  [1m[35m (4.3ms)[0m  [1m[35mCREATE TABLE "schema_migrations" ("version" varchar NOT NULL PRIMARY KEY)[0m
  [1m[35m (1.2ms)[0m  [1m[35mCREATE TABLE "ar_internal_metadata" ("key" varchar NOT NULL PRIMARY KEY, "value" varchar, "created_at" datetime(6) NOT NULL, "updated_at" datetime(6) NOT NULL)[0m
  [1m[36mActiveRecord::SchemaMigration Pluck (0.4ms)[0m  [1m[34mSELECT "schema_migrations"."version" FROM "schema_migrations" ORDER BY "schema_migrations"."version" ASC[0m
Migrating to CreateOwners (20230506232445)
  [1m[36mTRANSACTION (0.1ms)[0m  [1m[36mbegin transaction[0m
  [1m[35m (0.4ms)[0m  [1m[35mCREATE TABLE "owners" ("id" integer PRIMARY KEY AUTOINCREMENT NOT NULL, "name" varchar, "email" varchar, "created_at" datetime(6) NOT NULL, "updated_at" datetime(6) NOT NULL)[0m
  [1m[36mActiveRecord::SchemaMigration Create (0.2ms)[0m  [1m[32mINSERT INTO "schema_migrations" ("version") VALUES (?)[0m  [["version", "20230506232445"]]
  [1m[36mTRANSACTION (0.8ms)[0m  [1m[36mcommit transaction[0m
Migrating to CreatePets (20230506232531)
  [1m[36mTRANSACTION (0.0ms)[0m  [1m[36mbegin transaction[0m
  [1m[35m (0.3ms)[0m  [1m[35mCREATE TABLE "pets" ("id" integer PRIMARY KEY AUTOINCREMENT NOT NULL, "name" varchar, "species" varchar, "breed" varchar, "age" float, "owner_id" integer, "created_at" datetime(6) NOT NULL, "updated_at" datetime(6) NOT NULL)[0m
  [1m[36mActiveRecord::SchemaMigration Create (0.1ms)[0m  [1m[32mINSERT INTO "schema_migrations" ("version") VALUES (?)[0m  [["version", "20230506232531"]]
  [1m[36mTRANSACTION (0.8ms)[0m  [1m[36mcommit transaction[0m
  [1m[36mActiveRecord::InternalMetadata Load (0.2ms)[0m  [1m[34mSELECT "ar_internal_metadata".* FROM "ar_internal_metadata" WHERE "ar_internal_metadata"."key" = ? LIMIT ?[0m  [["key", "environment"], ["LIMIT", 1]]
  [1m[36mTRANSACTION (0.0ms)[0m  [1m[36mbegin transaction[0m
  [1m[36mActiveRecord::InternalMetadata Create (0.3ms)[0m  [1m[32mINSERT INTO "ar_internal_metadata" ("key", "value", "created_at", "updated_at") VALUES (?, ?, ?, ?)[0m  [["key", "environment"], ["value", "development"], ["created_at", "2023-05-06 23:29:54.971915"], ["updated_at", "2023-05-06 23:29:54.971915"]]
  [1m[36mTRANSACTION (0.7ms)[0m  [1m[36mcommit transaction[0m
  [1m[36mActiveRecord::SchemaMigration Pluck (0.1ms)[0m  [1m[34mSELECT "schema_migrations"."version" FROM "schema_migrations" ORDER BY "schema_migrations"."version" ASC[0m
Started GET "/api/v1/friends" for 127.0.0.1 at 2023-05-06 17:15:01 -0700
  [1m[36mActiveRecord::SchemaMigration Pluck (0.5ms)[0m  [1m[34mSELECT "schema_migrations"."version" FROM "schema_migrations" ORDER BY "schema_migrations"."version" ASC[0m
  
ActionController::RoutingError (No route matches [GET] "/api/v1/friends"):
  
Started GET "/api/v1/friends" for 127.0.0.1 at 2023-05-06 17:17:24 -0700
  
ActionController::RoutingError (No route matches [GET] "/api/v1/friends"):
  
Started GET "/" for 127.0.0.1 at 2023-05-06 17:21:58 -0700
Processing by Rails::WelcomeController#index as HTML
  Rendering /Users/drruby/.rbenv/versions/3.2.2/lib/ruby/gems/3.2.0/gems/railties-7.0.4.3/lib/rails/templates/rails/welcome/index.html.erb
  Rendered /Users/drruby/.rbenv/versions/3.2.2/lib/ruby/gems/3.2.0/gems/railties-7.0.4.3/lib/rails/templates/rails/welcome/index.html.erb (Duration: 1.4ms | Allocations: 281)
Completed 200 OK in 16ms (Views: 3.1ms | Allocations: 2625)


Started GET "/pets_tracker" for 127.0.0.1 at 2023-05-06 17:30:45 -0700
  
ActionController::RoutingError (No route matches [GET] "/pets_tracker"):
  
Started GET "/pets_tracker" for 127.0.0.1 at 2023-05-07 11:10:57 -0700
  
ActionController::RoutingError (No route matches [GET] "/pets_tracker"):
  
Started GET "/favicon.ico" for 127.0.0.1 at 2023-05-07 11:10:58 -0700
  
ActionController::RoutingError (No route matches [GET] "/favicon.ico"):
  
Started GET "/owners" for 127.0.0.1 at 2023-05-07 12:53:06 -0700
Processing by OwnersController#index as HTML
  [1m[36mOwner Load (0.6ms)[0m  [1m[34mSELECT "owners".* FROM "owners"[0m
  ↳ app/controllers/owners_controller.rb:4:in `index'
Completed 200 OK in 77ms (Views: 43.2ms | ActiveRecord: 10.8ms | Allocations: 3148)


Started POST "/owners" for ::1 at 2023-05-07 12:55:06 -0700
Processing by OwnersController#create as */*
  [1m[36mTRANSACTION (0.1ms)[0m  [1m[36mbegin transaction[0m
  ↳ app/controllers/owners_controller.rb:10:in `create'
  [1m[36mOwner Create (2.0ms)[0m  [1m[32mINSERT INTO "owners" ("name", "email", "created_at", "updated_at") VALUES (?, ?, ?, ?)[0m  [["name", nil], ["email", nil], ["created_at", "2023-05-07 19:55:06.728382"], ["updated_at", "2023-05-07 19:55:06.728382"]]
  ↳ app/controllers/owners_controller.rb:10:in `create'
  [1m[36mTRANSACTION (1.5ms)[0m  [1m[36mcommit transaction[0m
  ↳ app/controllers/owners_controller.rb:10:in `create'
Completed 201 Created in 57ms (Views: 1.4ms | ActiveRecord: 7.1ms | Allocations: 7921)


Started POST "/owners" for ::1 at 2023-05-07 12:56:32 -0700
Processing by OwnersController#create as */*
  [1m[36mTRANSACTION (0.1ms)[0m  [1m[36mbegin transaction[0m
  ↳ app/controllers/owners_controller.rb:10:in `create'
  [1m[36mOwner Create (2.1ms)[0m  [1m[32mINSERT INTO "owners" ("name", "email", "created_at", "updated_at") VALUES (?, ?, ?, ?)[0m  [["name", nil], ["email", nil], ["created_at", "2023-05-07 19:56:32.503676"], ["updated_at", "2023-05-07 19:56:32.503676"]]
  ↳ app/controllers/owners_controller.rb:10:in `create'
  [1m[36mTRANSACTION (3.0ms)[0m  [1m[36mcommit transaction[0m
  ↳ app/controllers/owners_controller.rb:10:in `create'
Completed 201 Created in 11ms (Views: 0.3ms | ActiveRecord: 5.2ms | Allocations: 1970)


Started GET "/pet_tracker/owners" for 127.0.0.1 at 2023-05-07 13:04:01 -0700
  
ActionController::RoutingError (No route matches [GET] "/pet_tracker/owners"):
  
Started GET "/favicon.ico" for 127.0.0.1 at 2023-05-07 13:04:02 -0700
  
ActionController::RoutingError (No route matches [GET] "/favicon.ico"):
  
Started GET "/pet_tracker/app//controller/owners" for 127.0.0.1 at 2023-05-07 13:05:00 -0700
  
ActionController::RoutingError (No route matches [GET] "/pet_tracker/app/controller/owners"):
  
Started GET "/ruby_projects/pet_tracker/app/controllers" for 127.0.0.1 at 2023-05-07 13:05:57 -0700
  
ActionController::RoutingError (No route matches [GET] "/ruby_projects/pet_tracker/app/controllers"):
  
Started GET "/ruby_projects/pet_tracker/owners" for 127.0.0.1 at 2023-05-07 13:06:12 -0700
  
ActionController::RoutingError (No route matches [GET] "/ruby_projects/pet_tracker/owners"):
  
Started GET "/ruby_projects/pet_tracker/app/models/owners" for 127.0.0.1 at 2023-05-07 15:11:55 -0700
  
ActionController::RoutingError (No route matches [GET] "/ruby_projects/pet_tracker/app/models/owners"):
  
Started GET "/favicon.ico" for 127.0.0.1 at 2023-05-07 15:11:56 -0700
  
ActionController::RoutingError (No route matches [GET] "/favicon.ico"):
  
Started GET "/owners" for 127.0.0.1 at 2023-05-07 15:15:40 -0700
  
ActionController::RoutingError (No route matches [GET] "/owners"):
  
Started GET "/owners" for 127.0.0.1 at 2023-05-07 15:19:44 -0700
Processing by OwnersController#index as HTML
  [1m[36mOwner Load (0.7ms)[0m  [1m[34mSELECT "owners".* FROM "owners"[0m
  ↳ app/controllers/owners_controller.rb:4:in `index'
Completed 200 OK in 15ms (Views: 9.3ms | ActiveRecord: 1.2ms | Allocations: 3275)


Started POST "/owners" for ::1 at 2023-05-07 15:20:36 -0700
Processing by OwnersController#create as */*
  [1m[36mTRANSACTION (0.1ms)[0m  [1m[36mbegin transaction[0m
  ↳ app/controllers/owners_controller.rb:10:in `create'
  [1m[36mOwner Create (0.9ms)[0m  [1m[32mINSERT INTO "owners" ("name", "email", "created_at", "updated_at") VALUES (?, ?, ?, ?)[0m  [["name", nil], ["email", nil], ["created_at", "2023-05-07 22:20:36.932677"], ["updated_at", "2023-05-07 22:20:36.932677"]]
  ↳ app/controllers/owners_controller.rb:10:in `create'
  [1m[36mTRANSACTION (0.7ms)[0m  [1m[36mcommit transaction[0m
  ↳ app/controllers/owners_controller.rb:10:in `create'
Completed 201 Created in 7ms (Views: 0.2ms | ActiveRecord: 1.6ms | Allocations: 2131)


Started POST "//ruby_projects/pet_tracker/owners" for ::1 at 2023-05-07 15:21:44 -0700
  
ActionController::RoutingError (No route matches [POST] "/ruby_projects/pet_tracker/owners"):
  
Started POST "//pet_tracker/owners" for ::1 at 2023-05-07 15:22:01 -0700
  
ActionController::RoutingError (No route matches [POST] "/pet_tracker/owners"):
  
Started POST "/owners" for ::1 at 2023-05-07 15:22:16 -0700
Processing by OwnersController#create as */*
  [1m[36mTRANSACTION (0.1ms)[0m  [1m[36mbegin transaction[0m
  ↳ app/controllers/owners_controller.rb:10:in `create'
  [1m[36mOwner Create (0.4ms)[0m  [1m[32mINSERT INTO "owners" ("name", "email", "created_at", "updated_at") VALUES (?, ?, ?, ?)[0m  [["name", nil], ["email", nil], ["created_at", "2023-05-07 22:22:16.200616"], ["updated_at", "2023-05-07 22:22:16.200616"]]
  ↳ app/controllers/owners_controller.rb:10:in `create'
  [1m[36mTRANSACTION (1.3ms)[0m  [1m[36mcommit transaction[0m
  ↳ app/controllers/owners_controller.rb:10:in `create'
Completed 201 Created in 7ms (Views: 0.2ms | ActiveRecord: 1.7ms | Allocations: 1957)


Started POST "/ruby_projects/pet_tracker/owners" for ::1 at 2023-05-07 15:22:33 -0700
  
ActionController::RoutingError (No route matches [POST] "/ruby_projects/pet_tracker/owners"):
  
Started POST "/owners" for ::1 at 2023-05-07 15:22:59 -0700
Processing by OwnersController#create as */*
  [1m[36mTRANSACTION (0.1ms)[0m  [1m[36mbegin transaction[0m
  ↳ app/controllers/owners_controller.rb:10:in `create'
  [1m[36mOwner Create (0.4ms)[0m  [1m[32mINSERT INTO "owners" ("name", "email", "created_at", "updated_at") VALUES (?, ?, ?, ?)[0m  [["name", nil], ["email", nil], ["created_at", "2023-05-07 22:22:59.685483"], ["updated_at", "2023-05-07 22:22:59.685483"]]
  ↳ app/controllers/owners_controller.rb:10:in `create'
  [1m[36mTRANSACTION (0.8ms)[0m  [1m[36mcommit transaction[0m
  ↳ app/controllers/owners_controller.rb:10:in `create'
Completed 201 Created in 5ms (Views: 0.3ms | ActiveRecord: 1.2ms | Allocations: 1969)


Started GET "/owners" for 127.0.0.1 at 2023-05-07 15:28:38 -0700
  
ActionController::RoutingError (No route matches [GET] "/owners"):
  
Started GET "/owners" for 127.0.0.1 at 2023-05-07 15:29:40 -0700
  
ActionController::RoutingError (No route matches [GET] "/owners"):
  
Started GET "/owners" for 127.0.0.1 at 2023-05-07 15:29:56 -0700
Processing by OwnersController#index as HTML
  [1m[36mOwner Load (0.5ms)[0m  [1m[34mSELECT "owners".* FROM "owners"[0m
  ↳ app/controllers/owners_controller.rb:4:in `index'
Completed 200 OK in 13ms (Views: 8.4ms | ActiveRecord: 1.0ms | Allocations: 3531)


Started POST "/owners" for ::1 at 2023-05-07 15:30:37 -0700
Processing by OwnersController#create as */*
  [1m[36mTRANSACTION (0.1ms)[0m  [1m[36mbegin transaction[0m
  ↳ app/controllers/owners_controller.rb:10:in `create'
  [1m[36mOwner Create (1.0ms)[0m  [1m[32mINSERT INTO "owners" ("name", "email", "created_at", "updated_at") VALUES (?, ?, ?, ?)[0m  [["name", nil], ["email", nil], ["created_at", "2023-05-07 22:30:37.875216"], ["updated_at", "2023-05-07 22:30:37.875216"]]
  ↳ app/controllers/owners_controller.rb:10:in `create'
  [1m[36mTRANSACTION (2.2ms)[0m  [1m[36mcommit transaction[0m
  ↳ app/controllers/owners_controller.rb:10:in `create'
Completed 201 Created in 8ms (Views: 0.3ms | ActiveRecord: 3.3ms | Allocations: 2132)


Started GET "/owners" for 127.0.0.1 at 2023-05-07 15:30:47 -0700
Processing by OwnersController#index as HTML
  [1m[36mOwner Load (0.2ms)[0m  [1m[34mSELECT "owners".* FROM "owners"[0m
  ↳ app/controllers/owners_controller.rb:4:in `index'
Completed 200 OK in 4ms (Views: 2.7ms | ActiveRecord: 0.2ms | Allocations: 1280)


Started POST "/owners" for ::1 at 2023-05-07 15:32:34 -0700
Processing by OwnersController#create as */*
  Parameters: {"query"=>"\n    query IntrospectionQuery {\n      __schema {\n        \n        queryType { name }\n        mutationType { name }\n        subscriptionType { name }\n        types {\n          ...FullType\n        }\n        directives {\n          name\n          description\n          \n          locations\n          args {\n            ...InputValue\n          }\n        }\n      }\n    }\n\n    fragment FullType on __Type {\n      kind\n      name\n      description\n      \n      fields(includeDeprecated: true) {\n        name\n        description\n        args {\n          ...InputValue\n        }\n        type {\n          ...TypeRef\n        }\n        isDeprecated\n        deprecationReason\n      }\n      inputFields {\n        ...InputValue\n      }\n      interfaces {\n        ...TypeRef\n      }\n      enumValues(includeDeprecated: true) {\n        name\n        description\n        isDeprecated\n        deprecationReason\n      }\n      possibleTypes {\n        ...TypeRef\n      }\n    }\n\n    fragment InputValue on __InputValue {\n      name\n      description\n      type { ...TypeRef }\n      defaultValue\n      \n      \n    }\n\n    fragment TypeRef on __Type {\n      kind\n      name\n      ofType {\n        kind\n        name\n        ofType {\n          kind\n          name\n          ofType {\n            kind\n            name\n            ofType {\n              kind\n              name\n              ofType {\n                kind\n                name\n                ofType {\n                  kind\n                  name\n                  ofType {\n                    kind\n                    name\n                  }\n                }\n              }\n            }\n          }\n        }\n      }\n    }\n  ", "owner"=>{}}
[31mUnpermitted parameters: :query, :owner. Context: { controller: OwnersController, action: create, request: #<ActionDispatch::Request:0x000000010ea96c30>, params: {"query"=>"\n    query IntrospectionQuery {\n      __schema {\n        \n        queryType { name }\n        mutationType { name }\n        subscriptionType { name }\n        types {\n          ...FullType\n        }\n        directives {\n          name\n          description\n          \n          locations\n          args {\n            ...InputValue\n          }\n        }\n      }\n    }\n\n    fragment FullType on __Type {\n      kind\n      name\n      description\n      \n      fields(includeDeprecated: true) {\n        name\n        description\n        args {\n          ...InputValue\n        }\n        type {\n          ...TypeRef\n        }\n        isDeprecated\n        deprecationReason\n      }\n      inputFields {\n        ...InputValue\n      }\n      interfaces {\n        ...TypeRef\n      }\n      enumValues(includeDeprecated: true) {\n        name\n        description\n        isDeprecated\n        deprecationReason\n      }\n      possibleTypes {\n        ...TypeRef\n      }\n    }\n\n    fragment InputValue on __InputValue {\n      name\n      description\n      type { ...TypeRef }\n      defaultValue\n      \n      \n    }\n\n    fragment TypeRef on __Type {\n      kind\n      name\n      ofType {\n        kind\n        name\n        ofType {\n          kind\n          name\n          ofType {\n            kind\n            name\n            ofType {\n              kind\n              name\n              ofType {\n                kind\n                name\n                ofType {\n                  kind\n                  name\n                  ofType {\n                    kind\n                    name\n                  }\n                }\n              }\n            }\n          }\n        }\n      }\n    }\n  ", "controller"=>"owners", "action"=>"create", "owner"=>{}} }[0m
  [1m[36mTRANSACTION (0.1ms)[0m  [1m[36mbegin transaction[0m
  ↳ app/controllers/owners_controller.rb:10:in `create'
  [1m[36mOwner Create (0.5ms)[0m  [1m[32mINSERT INTO "owners" ("name", "email", "created_at", "updated_at") VALUES (?, ?, ?, ?)[0m  [["name", nil], ["email", nil], ["created_at", "2023-05-07 22:32:34.214279"], ["updated_at", "2023-05-07 22:32:34.214279"]]
  ↳ app/controllers/owners_controller.rb:10:in `create'
  [1m[36mTRANSACTION (0.7ms)[0m  [1m[36mcommit transaction[0m
  ↳ app/controllers/owners_controller.rb:10:in `create'
Completed 201 Created in 8ms (Views: 0.3ms | ActiveRecord: 1.3ms | Allocations: 2043)


Started POST "/owners" for ::1 at 2023-05-07 15:35:52 -0700
Processing by OwnersController#create as */*
  [1m[36mTRANSACTION (0.0ms)[0m  [1m[36mbegin transaction[0m
  ↳ app/controllers/owners_controller.rb:10:in `create'
  [1m[36mOwner Create (0.5ms)[0m  [1m[32mINSERT INTO "owners" ("name", "email", "created_at", "updated_at") VALUES (?, ?, ?, ?)[0m  [["name", nil], ["email", nil], ["created_at", "2023-05-07 22:35:52.189098"], ["updated_at", "2023-05-07 22:35:52.189098"]]
  ↳ app/controllers/owners_controller.rb:10:in `create'
  [1m[36mTRANSACTION (1.2ms)[0m  [1m[36mcommit transaction[0m
  ↳ app/controllers/owners_controller.rb:10:in `create'
Completed 201 Created in 7ms (Views: 0.2ms | ActiveRecord: 1.7ms | Allocations: 1958)


Started GET "/owners" for 127.0.0.1 at 2023-05-07 15:36:00 -0700
Processing by OwnersController#index as HTML
  [1m[36mOwner Load (0.2ms)[0m  [1m[34mSELECT "owners".* FROM "owners"[0m
  ↳ app/controllers/owners_controller.rb:4:in `index'
Completed 200 OK in 3ms (Views: 2.2ms | ActiveRecord: 0.2ms | Allocations: 1478)


Started GET "/owners" for 127.0.0.1 at 2023-05-07 15:40:29 -0700
Processing by OwnersController#index as HTML
  [1m[36mOwner Load (0.1ms)[0m  [1m[34mSELECT "owners".* FROM "owners"[0m
  ↳ app/controllers/owners_controller.rb:4:in `index'
Completed 200 OK in 12ms (Views: 6.7ms | ActiveRecord: 2.2ms | Allocations: 4181)


Started POST "/owners" for ::1 at 2023-05-07 15:40:36 -0700
Processing by OwnersController#create as */*
  [1m[36mTRANSACTION (0.1ms)[0m  [1m[36mbegin transaction[0m
  ↳ app/controllers/owners_controller.rb:10:in `create'
  [1m[36mOwner Create (0.4ms)[0m  [1m[32mINSERT INTO "owners" ("name", "email", "created_at", "updated_at") VALUES (?, ?, ?, ?)[0m  [["name", nil], ["email", nil], ["created_at", "2023-05-07 22:40:36.711126"], ["updated_at", "2023-05-07 22:40:36.711126"]]
  ↳ app/controllers/owners_controller.rb:10:in `create'
  [1m[36mTRANSACTION (2.5ms)[0m  [1m[36mcommit transaction[0m
  ↳ app/controllers/owners_controller.rb:10:in `create'
Completed 201 Created in 6ms (Views: 0.2ms | ActiveRecord: 2.9ms | Allocations: 2132)


  [1m[36mActiveRecord::SchemaMigration Pluck (1.9ms)[0m  [1m[34mSELECT "schema_migrations"."version" FROM "schema_migrations" ORDER BY "schema_migrations"."version" ASC[0m
  [1m[36mActiveRecord::InternalMetadata Load (1.1ms)[0m  [1m[34mSELECT "ar_internal_metadata".* FROM "ar_internal_metadata" WHERE "ar_internal_metadata"."key" = ? LIMIT ?[0m  [["key", "environment"], ["LIMIT", 1]]
  [1m[36mActiveRecord::SchemaMigration Pluck (0.1ms)[0m  [1m[34mSELECT "schema_migrations"."version" FROM "schema_migrations" ORDER BY "schema_migrations"."version" ASC[0m
Started GET "/owners" for 127.0.0.1 at 2023-05-07 15:44:34 -0700
Processing by OwnersController#index as HTML
  [1m[36mOwner Load (0.1ms)[0m  [1m[34mSELECT "owners".* FROM "owners"[0m
  ↳ app/controllers/owners_controller.rb:4:in `index'
Completed 200 OK in 13ms (Views: 8.6ms | ActiveRecord: 1.1ms | Allocations: 4220)


Started POST "/owners" for ::1 at 2023-05-07 16:21:14 -0700
Processing by OwnersController#create as */*
  [1m[36mTRANSACTION (0.1ms)[0m  [1m[36mbegin transaction[0m
  ↳ app/controllers/owners_controller.rb:10:in `create'
  [1m[36mOwner Create (1.1ms)[0m  [1m[32mINSERT INTO "owners" ("name", "email", "created_at", "updated_at") VALUES (?, ?, ?, ?)[0m  [["name", nil], ["email", nil], ["created_at", "2023-05-07 23:21:14.941449"], ["updated_at", "2023-05-07 23:21:14.941449"]]
  ↳ app/controllers/owners_controller.rb:10:in `create'
  [1m[36mTRANSACTION (0.8ms)[0m  [1m[36mcommit transaction[0m
  ↳ app/controllers/owners_controller.rb:10:in `create'
Completed 201 Created in 28ms (Views: 1.7ms | ActiveRecord: 5.3ms | Allocations: 2251)


  [1m[36mActiveRecord::SchemaMigration Pluck (0.6ms)[0m  [1m[34mSELECT "schema_migrations"."version" FROM "schema_migrations" ORDER BY "schema_migrations"."version" ASC[0m
  [1m[36mActiveRecord::InternalMetadata Pluck (0.4ms)[0m  [1m[34mSELECT "ar_internal_metadata"."value" FROM "ar_internal_metadata" WHERE "ar_internal_metadata"."key" = ? LIMIT ?[0m  [["key", "environment"], ["LIMIT", 1]]
  [1m[36mActiveRecord::SchemaMigration Pluck (0.1ms)[0m  [1m[34mSELECT "schema_migrations"."version" FROM "schema_migrations" ORDER BY "schema_migrations"."version" ASC[0m
  [1m[36mActiveRecord::InternalMetadata Pluck (0.1ms)[0m  [1m[34mSELECT "ar_internal_metadata"."value" FROM "ar_internal_metadata" WHERE "ar_internal_metadata"."key" = ? LIMIT ?[0m  [["key", "environment"], ["LIMIT", 1]]
  [1m[36mActiveRecord::SchemaMigration Pluck (0.1ms)[0m  [1m[34mSELECT "schema_migrations"."version" FROM "schema_migrations" ORDER BY "schema_migrations"."version" ASC[0m
  [1m[36mActiveRecord::InternalMetadata Pluck (0.1ms)[0m  [1m[34mSELECT "ar_internal_metadata"."value" FROM "ar_internal_metadata" WHERE "ar_internal_metadata"."key" = ? LIMIT ?[0m  [["key", "environment"], ["LIMIT", 1]]
  [1m[35m (3.4ms)[0m  [1m[35mDROP TABLE IF EXISTS "owners"[0m
  [1m[35m (3.2ms)[0m  [1m[35mCREATE TABLE "owners" ("id" integer PRIMARY KEY AUTOINCREMENT NOT NULL, "name" varchar, "email" varchar, "created_at" datetime(6) NOT NULL, "updated_at" datetime(6) NOT NULL)[0m
  [1m[35m (2.3ms)[0m  [1m[35mDROP TABLE IF EXISTS "pets"[0m
  [1m[35m (1.2ms)[0m  [1m[35mCREATE TABLE "pets" ("id" integer PRIMARY KEY AUTOINCREMENT NOT NULL, "name" varchar, "species" varchar, "breed" varchar, "age" float, "owner_id" integer, "created_at" datetime(6) NOT NULL, "updated_at" datetime(6) NOT NULL)[0m
  [1m[36mActiveRecord::SchemaMigration Pluck (0.1ms)[0m  [1m[34mSELECT "schema_migrations"."version" FROM "schema_migrations" ORDER BY "schema_migrations"."version" ASC[0m
  [1m[36mActiveRecord::InternalMetadata Load (0.1ms)[0m  [1m[34mSELECT "ar_internal_metadata".* FROM "ar_internal_metadata" WHERE "ar_internal_metadata"."key" = ? LIMIT ?[0m  [["key", "environment"], ["LIMIT", 1]]
  [1m[36mActiveRecord::InternalMetadata Load (0.1ms)[0m  [1m[34mSELECT "ar_internal_metadata".* FROM "ar_internal_metadata" WHERE "ar_internal_metadata"."key" = ? LIMIT ?[0m  [["key", "environment"], ["LIMIT", 1]]
  [1m[36mActiveRecord::InternalMetadata Load (0.2ms)[0m  [1m[34mSELECT "ar_internal_metadata".* FROM "ar_internal_metadata" WHERE "ar_internal_metadata"."key" = ? LIMIT ?[0m  [["key", "schema_sha1"], ["LIMIT", 1]]
  [1m[36mTRANSACTION (0.0ms)[0m  [1m[36mbegin transaction[0m
  [1m[36mActiveRecord::InternalMetadata Create (0.5ms)[0m  [1m[32mINSERT INTO "ar_internal_metadata" ("key", "value", "created_at", "updated_at") VALUES (?, ?, ?, ?)[0m  [["key", "schema_sha1"], ["value", "8937ea00387b395d13c786a0fb4e5fd249b5e806"], ["created_at", "2023-05-09 04:31:41.484369"], ["updated_at", "2023-05-09 04:31:41.484369"]]
  [1m[36mTRANSACTION (0.9ms)[0m  [1m[36mcommit transaction[0m
  [1m[35m (0.1ms)[0m  [1m[35mDROP TABLE IF EXISTS "owners"[0m
  [1m[35m (1.2ms)[0m  [1m[35mCREATE TABLE "owners" ("id" integer PRIMARY KEY AUTOINCREMENT NOT NULL, "name" varchar, "email" varchar, "created_at" datetime(6) NOT NULL, "updated_at" datetime(6) NOT NULL)[0m
  [1m[35m (0.2ms)[0m  [1m[35mDROP TABLE IF EXISTS "pets"[0m
  [1m[35m (1.3ms)[0m  [1m[35mCREATE TABLE "pets" ("id" integer PRIMARY KEY AUTOINCREMENT NOT NULL, "name" varchar, "species" varchar, "breed" varchar, "age" float, "owner_id" integer, "created_at" datetime(6) NOT NULL, "updated_at" datetime(6) NOT NULL)[0m
  [1m[35m (2.8ms)[0m  [1m[35mCREATE TABLE "schema_migrations" ("version" varchar NOT NULL PRIMARY KEY)[0m
  [1m[36mActiveRecord::SchemaMigration Pluck (0.1ms)[0m  [1m[34mSELECT "schema_migrations"."version" FROM "schema_migrations" ORDER BY "schema_migrations"."version" ASC[0m
  [1m[35m (1.0ms)[0m  [1m[32mINSERT INTO "schema_migrations" (version) VALUES (20230506232531)[0m
  [1m[35m (0.9ms)[0m  [1m[32mINSERT INTO "schema_migrations" (version) VALUES
(20230506232445);

[0m
  [1m[35m (1.7ms)[0m  [1m[35mCREATE TABLE "ar_internal_metadata" ("key" varchar NOT NULL PRIMARY KEY, "value" varchar, "created_at" datetime(6) NOT NULL, "updated_at" datetime(6) NOT NULL)[0m
  [1m[36mActiveRecord::InternalMetadata Load (0.2ms)[0m  [1m[34mSELECT "ar_internal_metadata".* FROM "ar_internal_metadata" WHERE "ar_internal_metadata"."key" = ? LIMIT ?[0m  [["key", "environment"], ["LIMIT", 1]]
  [1m[36mTRANSACTION (0.0ms)[0m  [1m[36mbegin transaction[0m
  [1m[36mActiveRecord::InternalMetadata Create (0.4ms)[0m  [1m[32mINSERT INTO "ar_internal_metadata" ("key", "value", "created_at", "updated_at") VALUES (?, ?, ?, ?)[0m  [["key", "environment"], ["value", "development"], ["created_at", "2023-05-09 04:31:41.542579"], ["updated_at", "2023-05-09 04:31:41.542579"]]
  [1m[36mTRANSACTION (0.9ms)[0m  [1m[36mcommit transaction[0m
  [1m[36mActiveRecord::InternalMetadata Load (0.1ms)[0m  [1m[34mSELECT "ar_internal_metadata".* FROM "ar_internal_metadata" WHERE "ar_internal_metadata"."key" = ? LIMIT ?[0m  [["key", "environment"], ["LIMIT", 1]]
  [1m[36mTRANSACTION (0.1ms)[0m  [1m[36mbegin transaction[0m
  [1m[36mActiveRecord::InternalMetadata Update (0.4ms)[0m  [1m[33mUPDATE "ar_internal_metadata" SET "value" = ?, "updated_at" = ? WHERE "ar_internal_metadata"."key" = ?[0m  [["value", "test"], ["updated_at", "2023-05-09 04:31:41.548652"], ["key", "environment"]]
  [1m[36mTRANSACTION (0.8ms)[0m  [1m[36mcommit transaction[0m
  [1m[36mActiveRecord::InternalMetadata Load (0.1ms)[0m  [1m[34mSELECT "ar_internal_metadata".* FROM "ar_internal_metadata" WHERE "ar_internal_metadata"."key" = ? LIMIT ?[0m  [["key", "schema_sha1"], ["LIMIT", 1]]
  [1m[36mTRANSACTION (0.0ms)[0m  [1m[36mbegin transaction[0m
  [1m[36mActiveRecord::InternalMetadata Create (0.3ms)[0m  [1m[32mINSERT INTO "ar_internal_metadata" ("key", "value", "created_at", "updated_at") VALUES (?, ?, ?, ?)[0m  [["key", "schema_sha1"], ["value", "8937ea00387b395d13c786a0fb4e5fd249b5e806"], ["created_at", "2023-05-09 04:31:41.554044"], ["updated_at", "2023-05-09 04:31:41.554044"]]
  [1m[36mTRANSACTION (0.9ms)[0m  [1m[36mcommit transaction[0m
  [1m[36mActiveRecord::SchemaMigration Pluck (0.1ms)[0m  [1m[34mSELECT "schema_migrations"."version" FROM "schema_migrations" ORDER BY "schema_migrations"."version" ASC[0m
  [1m[36mActiveRecord::SchemaMigration Pluck (0.5ms)[0m  [1m[34mSELECT "schema_migrations"."version" FROM "schema_migrations" ORDER BY "schema_migrations"."version" ASC[0m
  [1m[36mActiveRecord::InternalMetadata Pluck (0.8ms)[0m  [1m[34mSELECT "ar_internal_metadata"."value" FROM "ar_internal_metadata" WHERE "ar_internal_metadata"."key" = ? LIMIT ?[0m  [["key", "environment"], ["LIMIT", 1]]
  [1m[36mActiveRecord::SchemaMigration Pluck (0.1ms)[0m  [1m[34mSELECT "schema_migrations"."version" FROM "schema_migrations" ORDER BY "schema_migrations"."version" ASC[0m
  [1m[36mActiveRecord::InternalMetadata Pluck (0.1ms)[0m  [1m[34mSELECT "ar_internal_metadata"."value" FROM "ar_internal_metadata" WHERE "ar_internal_metadata"."key" = ? LIMIT ?[0m  [["key", "environment"], ["LIMIT", 1]]
  [1m[36mActiveRecord::SchemaMigration Pluck (0.1ms)[0m  [1m[34mSELECT "schema_migrations"."version" FROM "schema_migrations" ORDER BY "schema_migrations"."version" ASC[0m
  [1m[36mActiveRecord::InternalMetadata Pluck (0.1ms)[0m  [1m[34mSELECT "ar_internal_metadata"."value" FROM "ar_internal_metadata" WHERE "ar_internal_metadata"."key" = ? LIMIT ?[0m  [["key", "environment"], ["LIMIT", 1]]
  [1m[35m (3.7ms)[0m  [1m[35mDROP TABLE IF EXISTS "owners"[0m
  [1m[35m (1.2ms)[0m  [1m[35mCREATE TABLE "owners" ("id" integer PRIMARY KEY AUTOINCREMENT NOT NULL, "name" varchar, "email" varchar, "created_at" datetime(6) NOT NULL, "updated_at" datetime(6) NOT NULL)[0m
  [1m[35m (1.3ms)[0m  [1m[35mDROP TABLE IF EXISTS "pets"[0m
  [1m[35m (0.8ms)[0m  [1m[35mCREATE TABLE "pets" ("id" integer PRIMARY KEY AUTOINCREMENT NOT NULL, "name" varchar, "species" varchar, "breed" varchar, "age" float, "owner_id" integer, "created_at" datetime(6) NOT NULL, "updated_at" datetime(6) NOT NULL)[0m
  [1m[36mActiveRecord::SchemaMigration Pluck (0.1ms)[0m  [1m[34mSELECT "schema_migrations"."version" FROM "schema_migrations" ORDER BY "schema_migrations"."version" ASC[0m
  [1m[36mActiveRecord::InternalMetadata Load (0.1ms)[0m  [1m[34mSELECT "ar_internal_metadata".* FROM "ar_internal_metadata" WHERE "ar_internal_metadata"."key" = ? LIMIT ?[0m  [["key", "environment"], ["LIMIT", 1]]
  [1m[36mActiveRecord::InternalMetadata Load (0.1ms)[0m  [1m[34mSELECT "ar_internal_metadata".* FROM "ar_internal_metadata" WHERE "ar_internal_metadata"."key" = ? LIMIT ?[0m  [["key", "environment"], ["LIMIT", 1]]
  [1m[36mActiveRecord::InternalMetadata Load (0.2ms)[0m  [1m[34mSELECT "ar_internal_metadata".* FROM "ar_internal_metadata" WHERE "ar_internal_metadata"."key" = ? LIMIT ?[0m  [["key", "schema_sha1"], ["LIMIT", 1]]
  [1m[35m (2.1ms)[0m  [1m[35mDROP TABLE IF EXISTS "owners"[0m
  [1m[35m (1.1ms)[0m  [1m[35mCREATE TABLE "owners" ("id" integer PRIMARY KEY AUTOINCREMENT NOT NULL, "name" varchar, "email" varchar, "created_at" datetime(6) NOT NULL, "updated_at" datetime(6) NOT NULL)[0m
  [1m[35m (1.4ms)[0m  [1m[35mDROP TABLE IF EXISTS "pets"[0m
  [1m[35m (1.0ms)[0m  [1m[35mCREATE TABLE "pets" ("id" integer PRIMARY KEY AUTOINCREMENT NOT NULL, "name" varchar, "species" varchar, "breed" varchar, "age" float, "owner_id" integer, "created_at" datetime(6) NOT NULL, "updated_at" datetime(6) NOT NULL)[0m
  [1m[36mActiveRecord::SchemaMigration Pluck (0.5ms)[0m  [1m[34mSELECT "schema_migrations"."version" FROM "schema_migrations" ORDER BY "schema_migrations"."version" ASC[0m
  [1m[36mActiveRecord::InternalMetadata Load (1.2ms)[0m  [1m[34mSELECT "ar_internal_metadata".* FROM "ar_internal_metadata" WHERE "ar_internal_metadata"."key" = ? LIMIT ?[0m  [["key", "environment"], ["LIMIT", 1]]
  [1m[36mTRANSACTION (0.1ms)[0m  [1m[36mbegin transaction[0m
  [1m[36mActiveRecord::InternalMetadata Update (0.4ms)[0m  [1m[33mUPDATE "ar_internal_metadata" SET "value" = ?, "updated_at" = ? WHERE "ar_internal_metadata"."key" = ?[0m  [["value", "development"], ["updated_at", "2023-05-09 04:35:09.437298"], ["key", "environment"]]
  [1m[36mTRANSACTION (0.9ms)[0m  [1m[36mcommit transaction[0m
  [1m[36mActiveRecord::InternalMetadata Load (0.1ms)[0m  [1m[34mSELECT "ar_internal_metadata".* FROM "ar_internal_metadata" WHERE "ar_internal_metadata"."key" = ? LIMIT ?[0m  [["key", "environment"], ["LIMIT", 1]]
  [1m[36mTRANSACTION (0.0ms)[0m  [1m[36mbegin transaction[0m
  [1m[36mActiveRecord::InternalMetadata Update (0.3ms)[0m  [1m[33mUPDATE "ar_internal_metadata" SET "value" = ?, "updated_at" = ? WHERE "ar_internal_metadata"."key" = ?[0m  [["value", "test"], ["updated_at", "2023-05-09 04:35:09.473648"], ["key", "environment"]]
  [1m[36mTRANSACTION (0.8ms)[0m  [1m[36mcommit transaction[0m
  [1m[36mActiveRecord::InternalMetadata Load (0.1ms)[0m  [1m[34mSELECT "ar_internal_metadata".* FROM "ar_internal_metadata" WHERE "ar_internal_metadata"."key" = ? LIMIT ?[0m  [["key", "schema_sha1"], ["LIMIT", 1]]
  [1m[36mActiveRecord::SchemaMigration Pluck (0.1ms)[0m  [1m[34mSELECT "schema_migrations"."version" FROM "schema_migrations" ORDER BY "schema_migrations"."version" ASC[0m
  [1m[36mActiveRecord::SchemaMigration Pluck (0.5ms)[0m  [1m[34mSELECT "schema_migrations"."version" FROM "schema_migrations" ORDER BY "schema_migrations"."version" ASC[0m
  [1m[36mActiveRecord::InternalMetadata Pluck (0.4ms)[0m  [1m[34mSELECT "ar_internal_metadata"."value" FROM "ar_internal_metadata" WHERE "ar_internal_metadata"."key" = ? LIMIT ?[0m  [["key", "environment"], ["LIMIT", 1]]
  [1m[36mActiveRecord::SchemaMigration Pluck (0.1ms)[0m  [1m[34mSELECT "schema_migrations"."version" FROM "schema_migrations" ORDER BY "schema_migrations"."version" ASC[0m
  [1m[36mActiveRecord::InternalMetadata Pluck (0.1ms)[0m  [1m[34mSELECT "ar_internal_metadata"."value" FROM "ar_internal_metadata" WHERE "ar_internal_metadata"."key" = ? LIMIT ?[0m  [["key", "environment"], ["LIMIT", 1]]
  [1m[36mActiveRecord::SchemaMigration Pluck (0.1ms)[0m  [1m[34mSELECT "schema_migrations"."version" FROM "schema_migrations" ORDER BY "schema_migrations"."version" ASC[0m
  [1m[36mActiveRecord::InternalMetadata Pluck (0.1ms)[0m  [1m[34mSELECT "ar_internal_metadata"."value" FROM "ar_internal_metadata" WHERE "ar_internal_metadata"."key" = ? LIMIT ?[0m  [["key", "environment"], ["LIMIT", 1]]
  [1m[35m (1.5ms)[0m  [1m[35mDROP TABLE IF EXISTS "owners"[0m
  [1m[35m (1.1ms)[0m  [1m[35mCREATE TABLE "owners" ("id" integer PRIMARY KEY AUTOINCREMENT NOT NULL, "name" varchar, "email" varchar, "created_at" datetime(6) NOT NULL, "updated_at" datetime(6) NOT NULL)[0m
  [1m[35m (1.6ms)[0m  [1m[35mDROP TABLE IF EXISTS "pets"[0m
  [1m[35m (1.1ms)[0m  [1m[35mCREATE TABLE "pets" ("id" integer PRIMARY KEY AUTOINCREMENT NOT NULL, "name" varchar, "species" varchar, "breed" varchar, "age" float, "owner_id" integer, "created_at" datetime(6) NOT NULL, "updated_at" datetime(6) NOT NULL)[0m
  [1m[36mActiveRecord::SchemaMigration Pluck (0.1ms)[0m  [1m[34mSELECT "schema_migrations"."version" FROM "schema_migrations" ORDER BY "schema_migrations"."version" ASC[0m
  [1m[36mActiveRecord::InternalMetadata Load (0.1ms)[0m  [1m[34mSELECT "ar_internal_metadata".* FROM "ar_internal_metadata" WHERE "ar_internal_metadata"."key" = ? LIMIT ?[0m  [["key", "environment"], ["LIMIT", 1]]
  [1m[36mActiveRecord::InternalMetadata Load (0.1ms)[0m  [1m[34mSELECT "ar_internal_metadata".* FROM "ar_internal_metadata" WHERE "ar_internal_metadata"."key" = ? LIMIT ?[0m  [["key", "environment"], ["LIMIT", 1]]
  [1m[36mActiveRecord::InternalMetadata Load (0.1ms)[0m  [1m[34mSELECT "ar_internal_metadata".* FROM "ar_internal_metadata" WHERE "ar_internal_metadata"."key" = ? LIMIT ?[0m  [["key", "schema_sha1"], ["LIMIT", 1]]
  [1m[35m (2.4ms)[0m  [1m[35mDROP TABLE IF EXISTS "owners"[0m
  [1m[35m (1.2ms)[0m  [1m[35mCREATE TABLE "owners" ("id" integer PRIMARY KEY AUTOINCREMENT NOT NULL, "name" varchar, "email" varchar, "created_at" datetime(6) NOT NULL, "updated_at" datetime(6) NOT NULL)[0m
  [1m[35m (2.2ms)[0m  [1m[35mDROP TABLE IF EXISTS "pets"[0m
  [1m[35m (1.3ms)[0m  [1m[35mCREATE TABLE "pets" ("id" integer PRIMARY KEY AUTOINCREMENT NOT NULL, "name" varchar, "species" varchar, "breed" varchar, "age" float, "owner_id" integer, "created_at" datetime(6) NOT NULL, "updated_at" datetime(6) NOT NULL)[0m
  [1m[36mActiveRecord::SchemaMigration Pluck (0.7ms)[0m  [1m[34mSELECT "schema_migrations"."version" FROM "schema_migrations" ORDER BY "schema_migrations"."version" ASC[0m
  [1m[36mActiveRecord::InternalMetadata Load (1.2ms)[0m  [1m[34mSELECT "ar_internal_metadata".* FROM "ar_internal_metadata" WHERE "ar_internal_metadata"."key" = ? LIMIT ?[0m  [["key", "environment"], ["LIMIT", 1]]
  [1m[36mTRANSACTION (0.1ms)[0m  [1m[36mbegin transaction[0m
  [1m[36mActiveRecord::InternalMetadata Update (0.4ms)[0m  [1m[33mUPDATE "ar_internal_metadata" SET "value" = ?, "updated_at" = ? WHERE "ar_internal_metadata"."key" = ?[0m  [["value", "development"], ["updated_at", "2023-05-09 04:35:30.560093"], ["key", "environment"]]
  [1m[36mTRANSACTION (0.9ms)[0m  [1m[36mcommit transaction[0m
  [1m[36mActiveRecord::InternalMetadata Load (0.1ms)[0m  [1m[34mSELECT "ar_internal_metadata".* FROM "ar_internal_metadata" WHERE "ar_internal_metadata"."key" = ? LIMIT ?[0m  [["key", "environment"], ["LIMIT", 1]]
  [1m[36mTRANSACTION (0.0ms)[0m  [1m[36mbegin transaction[0m
  [1m[36mActiveRecord::InternalMetadata Update (0.3ms)[0m  [1m[33mUPDATE "ar_internal_metadata" SET "value" = ?, "updated_at" = ? WHERE "ar_internal_metadata"."key" = ?[0m  [["value", "test"], ["updated_at", "2023-05-09 04:35:30.596244"], ["key", "environment"]]
  [1m[36mTRANSACTION (0.8ms)[0m  [1m[36mcommit transaction[0m
  [1m[36mActiveRecord::InternalMetadata Load (0.1ms)[0m  [1m[34mSELECT "ar_internal_metadata".* FROM "ar_internal_metadata" WHERE "ar_internal_metadata"."key" = ? LIMIT ?[0m  [["key", "schema_sha1"], ["LIMIT", 1]]
  [1m[36mActiveRecord::SchemaMigration Pluck (0.1ms)[0m  [1m[34mSELECT "schema_migrations"."version" FROM "schema_migrations" ORDER BY "schema_migrations"."version" ASC[0m
  [1m[36mTRANSACTION (0.1ms)[0m  [1m[36mbegin transaction[0m
  [1m[36mOwner Load (0.1ms)[0m  [1m[34mSELECT "owners".* FROM "owners" WHERE "owners"."id" = ? LIMIT ?[0m  [["id", 1], ["LIMIT", 1]]
  [1m[36mTRANSACTION (0.2ms)[0m  [1m[31mrollback transaction[0m
  [1m[36mActiveRecord::SchemaMigration Pluck (0.5ms)[0m  [1m[34mSELECT "schema_migrations"."version" FROM "schema_migrations" ORDER BY "schema_migrations"."version" ASC[0m
  [1m[36mActiveRecord::InternalMetadata Pluck (0.5ms)[0m  [1m[34mSELECT "ar_internal_metadata"."value" FROM "ar_internal_metadata" WHERE "ar_internal_metadata"."key" = ? LIMIT ?[0m  [["key", "environment"], ["LIMIT", 1]]
  [1m[36mActiveRecord::SchemaMigration Pluck (0.1ms)[0m  [1m[34mSELECT "schema_migrations"."version" FROM "schema_migrations" ORDER BY "schema_migrations"."version" ASC[0m
  [1m[36mActiveRecord::InternalMetadata Pluck (0.1ms)[0m  [1m[34mSELECT "ar_internal_metadata"."value" FROM "ar_internal_metadata" WHERE "ar_internal_metadata"."key" = ? LIMIT ?[0m  [["key", "environment"], ["LIMIT", 1]]
  [1m[36mActiveRecord::SchemaMigration Pluck (0.1ms)[0m  [1m[34mSELECT "schema_migrations"."version" FROM "schema_migrations" ORDER BY "schema_migrations"."version" ASC[0m
  [1m[36mActiveRecord::InternalMetadata Pluck (0.1ms)[0m  [1m[34mSELECT "ar_internal_metadata"."value" FROM "ar_internal_metadata" WHERE "ar_internal_metadata"."key" = ? LIMIT ?[0m  [["key", "environment"], ["LIMIT", 1]]
  [1m[35m (0.4ms)[0m  [1m[35mDROP TABLE IF EXISTS "owners"[0m
  [1m[35m (4.1ms)[0m  [1m[35mCREATE TABLE "owners" ("id" integer PRIMARY KEY AUTOINCREMENT NOT NULL, "name" varchar, "email" varchar, "created_at" datetime(6) NOT NULL, "updated_at" datetime(6) NOT NULL)[0m
  [1m[35m (0.3ms)[0m  [1m[35mDROP TABLE IF EXISTS "pets"[0m
  [1m[35m (1.2ms)[0m  [1m[35mCREATE TABLE "pets" ("id" integer PRIMARY KEY AUTOINCREMENT NOT NULL, "name" varchar, "species" varchar, "breed" varchar, "age" float, "owner_id" integer, "created_at" datetime(6) NOT NULL, "updated_at" datetime(6) NOT NULL)[0m
  [1m[35m (2.1ms)[0m  [1m[35mCREATE TABLE "schema_migrations" ("version" varchar NOT NULL PRIMARY KEY)[0m
  [1m[36mActiveRecord::SchemaMigration Pluck (0.2ms)[0m  [1m[34mSELECT "schema_migrations"."version" FROM "schema_migrations" ORDER BY "schema_migrations"."version" ASC[0m
  [1m[35m (1.4ms)[0m  [1m[32mINSERT INTO "schema_migrations" (version) VALUES (20230506232531)[0m
  [1m[35m (1.4ms)[0m  [1m[32mINSERT INTO "schema_migrations" (version) VALUES
(20230506232445);

[0m
  [1m[35m (1.1ms)[0m  [1m[35mCREATE TABLE "ar_internal_metadata" ("key" varchar NOT NULL PRIMARY KEY, "value" varchar, "created_at" datetime(6) NOT NULL, "updated_at" datetime(6) NOT NULL)[0m
  [1m[36mActiveRecord::InternalMetadata Load (0.2ms)[0m  [1m[34mSELECT "ar_internal_metadata".* FROM "ar_internal_metadata" WHERE "ar_internal_metadata"."key" = ? LIMIT ?[0m  [["key", "environment"], ["LIMIT", 1]]
  [1m[36mTRANSACTION (0.1ms)[0m  [1m[36mbegin transaction[0m
  [1m[36mActiveRecord::InternalMetadata Create (0.5ms)[0m  [1m[32mINSERT INTO "ar_internal_metadata" ("key", "value", "created_at", "updated_at") VALUES (?, ?, ?, ?)[0m  [["key", "environment"], ["value", "development"], ["created_at", "2023-05-09 04:36:36.936171"], ["updated_at", "2023-05-09 04:36:36.936171"]]
  [1m[36mTRANSACTION (2.3ms)[0m  [1m[36mcommit transaction[0m
  [1m[36mActiveRecord::InternalMetadata Load (0.1ms)[0m  [1m[34mSELECT "ar_internal_metadata".* FROM "ar_internal_metadata" WHERE "ar_internal_metadata"."key" = ? LIMIT ?[0m  [["key", "environment"], ["LIMIT", 1]]
  [1m[36mActiveRecord::InternalMetadata Load (0.1ms)[0m  [1m[34mSELECT "ar_internal_metadata".* FROM "ar_internal_metadata" WHERE "ar_internal_metadata"."key" = ? LIMIT ?[0m  [["key", "schema_sha1"], ["LIMIT", 1]]
  [1m[36mTRANSACTION (0.0ms)[0m  [1m[36mbegin transaction[0m
  [1m[36mActiveRecord::InternalMetadata Create (0.5ms)[0m  [1m[32mINSERT INTO "ar_internal_metadata" ("key", "value", "created_at", "updated_at") VALUES (?, ?, ?, ?)[0m  [["key", "schema_sha1"], ["value", "8937ea00387b395d13c786a0fb4e5fd249b5e806"], ["created_at", "2023-05-09 04:36:36.950455"], ["updated_at", "2023-05-09 04:36:36.950455"]]
  [1m[36mTRANSACTION (0.9ms)[0m  [1m[36mcommit transaction[0m
  [1m[35m (0.1ms)[0m  [1m[35mDROP TABLE IF EXISTS "owners"[0m
  [1m[35m (1.2ms)[0m  [1m[35mCREATE TABLE "owners" ("id" integer PRIMARY KEY AUTOINCREMENT NOT NULL, "name" varchar, "email" varchar, "created_at" datetime(6) NOT NULL, "updated_at" datetime(6) NOT NULL)[0m
  [1m[35m (0.1ms)[0m  [1m[35mDROP TABLE IF EXISTS "pets"[0m
  [1m[35m (1.4ms)[0m  [1m[35mCREATE TABLE "pets" ("id" integer PRIMARY KEY AUTOINCREMENT NOT NULL, "name" varchar, "species" varchar, "breed" varchar, "age" float, "owner_id" integer, "created_at" datetime(6) NOT NULL, "updated_at" datetime(6) NOT NULL)[0m
  [1m[35m (1.1ms)[0m  [1m[35mCREATE TABLE "schema_migrations" ("version" varchar NOT NULL PRIMARY KEY)[0m
  [1m[36mActiveRecord::SchemaMigration Pluck (0.1ms)[0m  [1m[34mSELECT "schema_migrations"."version" FROM "schema_migrations" ORDER BY "schema_migrations"."version" ASC[0m
  [1m[35m (1.0ms)[0m  [1m[32mINSERT INTO "schema_migrations" (version) VALUES (20230506232531)[0m
  [1m[35m (1.1ms)[0m  [1m[32mINSERT INTO "schema_migrations" (version) VALUES
(20230506232445);

[0m
  [1m[35m (1.2ms)[0m  [1m[35mCREATE TABLE "ar_internal_metadata" ("key" varchar NOT NULL PRIMARY KEY, "value" varchar, "created_at" datetime(6) NOT NULL, "updated_at" datetime(6) NOT NULL)[0m
  [1m[36mActiveRecord::InternalMetadata Load (0.2ms)[0m  [1m[34mSELECT "ar_internal_metadata".* FROM "ar_internal_metadata" WHERE "ar_internal_metadata"."key" = ? LIMIT ?[0m  [["key", "environment"], ["LIMIT", 1]]
  [1m[36mTRANSACTION (0.0ms)[0m  [1m[36mbegin transaction[0m
  [1m[36mActiveRecord::InternalMetadata Create (0.4ms)[0m  [1m[32mINSERT INTO "ar_internal_metadata" ("key", "value", "created_at", "updated_at") VALUES (?, ?, ?, ?)[0m  [["key", "environment"], ["value", "development"], ["created_at", "2023-05-09 04:36:37.006360"], ["updated_at", "2023-05-09 04:36:37.006360"]]
  [1m[36mTRANSACTION (0.8ms)[0m  [1m[36mcommit transaction[0m
  [1m[36mActiveRecord::InternalMetadata Load (0.1ms)[0m  [1m[34mSELECT "ar_internal_metadata".* FROM "ar_internal_metadata" WHERE "ar_internal_metadata"."key" = ? LIMIT ?[0m  [["key", "environment"], ["LIMIT", 1]]
  [1m[36mTRANSACTION (0.0ms)[0m  [1m[36mbegin transaction[0m
  [1m[36mActiveRecord::InternalMetadata Update (0.4ms)[0m  [1m[33mUPDATE "ar_internal_metadata" SET "value" = ?, "updated_at" = ? WHERE "ar_internal_metadata"."key" = ?[0m  [["value", "test"], ["updated_at", "2023-05-09 04:36:37.011853"], ["key", "environment"]]
  [1m[36mTRANSACTION (1.0ms)[0m  [1m[36mcommit transaction[0m
  [1m[36mActiveRecord::InternalMetadata Load (0.1ms)[0m  [1m[34mSELECT "ar_internal_metadata".* FROM "ar_internal_metadata" WHERE "ar_internal_metadata"."key" = ? LIMIT ?[0m  [["key", "schema_sha1"], ["LIMIT", 1]]
  [1m[36mTRANSACTION (0.1ms)[0m  [1m[36mbegin transaction[0m
  [1m[36mActiveRecord::InternalMetadata Create (0.4ms)[0m  [1m[32mINSERT INTO "ar_internal_metadata" ("key", "value", "created_at", "updated_at") VALUES (?, ?, ?, ?)[0m  [["key", "schema_sha1"], ["value", "8937ea00387b395d13c786a0fb4e5fd249b5e806"], ["created_at", "2023-05-09 04:36:37.018183"], ["updated_at", "2023-05-09 04:36:37.018183"]]
  [1m[36mTRANSACTION (0.8ms)[0m  [1m[36mcommit transaction[0m
  [1m[36mActiveRecord::SchemaMigration Pluck (0.1ms)[0m  [1m[34mSELECT "schema_migrations"."version" FROM "schema_migrations" ORDER BY "schema_migrations"."version" ASC[0m
  [1m[36mTRANSACTION (0.1ms)[0m  [1m[36mbegin transaction[0m
  [1m[36mOwner Create (1.2ms)[0m  [1m[32mINSERT INTO "owners" ("name", "email", "created_at", "updated_at") VALUES (?, ?, ?, ?)[0m  [["name", "John Doe"], ["email", "hi@tony.com"], ["created_at", "2023-05-09 04:36:37.048620"], ["updated_at", "2023-05-09 04:36:37.048620"]]
  [1m[36mTRANSACTION (0.6ms)[0m  [1m[36mcommit transaction[0m
  [1m[36mTRANSACTION (0.1ms)[0m  [1m[36mbegin transaction[0m
  [1m[36mOwner Load (0.1ms)[0m  [1m[34mSELECT "owners".* FROM "owners" WHERE "owners"."id" = ? LIMIT ?[0m  [["id", 1], ["LIMIT", 1]]
  [1m[36mPet Create (0.3ms)[0m  [1m[32mINSERT INTO "pets" ("name", "species", "breed", "age", "owner_id", "created_at", "updated_at") VALUES (?, ?, ?, ?, ?, ?, ?)[0m  [["name", "Buddy"], ["species", "Dog"], ["breed", "Golden Retriever"], ["age", 3.0], ["owner_id", 1], ["created_at", "2023-05-09 04:36:37.070620"], ["updated_at", "2023-05-09 04:36:37.070620"]]
  [1m[36mTRANSACTION (0.6ms)[0m  [1m[36mcommit transaction[0m
  [1m[36mOwner Count (0.6ms)[0m  [1m[34mSELECT COUNT(*) FROM "owners"[0m
  [1m[36mPet Count (0.1ms)[0m  [1m[34mSELECT COUNT(*) FROM "pets"[0m
  [1m[36mOwner Count (0.5ms)[0m  [1m[34mSELECT COUNT(*) FROM "owners"[0m
Started POST "/owners" for ::1 at 2023-05-08 21:54:15 -0700
  [1m[36mActiveRecord::SchemaMigration Pluck (0.6ms)[0m  [1m[34mSELECT "schema_migrations"."version" FROM "schema_migrations" ORDER BY "schema_migrations"."version" ASC[0m
Processing by OwnersController#create as */*
  [1m[36mTRANSACTION (0.8ms)[0m  [1m[36mbegin transaction[0m
  ↳ app/controllers/owners_controller.rb:11:in `create'
  [1m[36mOwner Create (3.3ms)[0m  [1m[32mINSERT INTO "owners" ("name", "email", "created_at", "updated_at") VALUES (?, ?, ?, ?)[0m  [["name", nil], ["email", nil], ["created_at", "2023-05-09 05:05:19.794638"], ["updated_at", "2023-05-09 05:05:19.794638"]]
  ↳ app/controllers/owners_controller.rb:11:in `create'
  [1m[36mTRANSACTION (1.2ms)[0m  [1m[36mcommit transaction[0m
  ↳ app/controllers/owners_controller.rb:11:in `create'
Completed 201 Created in 664583ms (Views: 6.7ms | ActiveRecord: 7.7ms | Allocations: 461205)


Started POST "/owners" for ::1 at 2023-05-08 22:05:19 -0700
Processing by OwnersController#create as */*
  Parameters: {"name"=>"Jill Smith", "email"=>"jillsmith@example.com", "owner"=>{"name"=>"Jill Smith", "email"=>"jillsmith@example.com"}}
[31mUnpermitted parameter: :owner. Context: { controller: OwnersController, action: create, request: #<ActionDispatch::Request:0x00000001034ccb20>, params: {"name"=>"Jill Smith", "email"=>"jillsmith@example.com", "controller"=>"owners", "action"=>"create", "owner"=>{"name"=>"Jill Smith", "email"=>"jillsmith@example.com"}} }[0m
  [1m[36mTRANSACTION (0.1ms)[0m  [1m[36mbegin transaction[0m
  ↳ app/controllers/owners_controller.rb:11:in `create'
  [1m[36mOwner Create (0.9ms)[0m  [1m[32mINSERT INTO "owners" ("name", "email", "created_at", "updated_at") VALUES (?, ?, ?, ?)[0m  [["name", "Jill Smith"], ["email", "jillsmith@example.com"], ["created_at", "2023-05-09 05:12:04.773571"], ["updated_at", "2023-05-09 05:12:04.773571"]]
  ↳ app/controllers/owners_controller.rb:11:in `create'
  [1m[36mTRANSACTION (1.1ms)[0m  [1m[36mcommit transaction[0m
  ↳ app/controllers/owners_controller.rb:11:in `create'
Completed 201 Created in 404941ms (Views: 0.6ms | ActiveRecord: 3.0ms | Allocations: 260225)


Started POST "/owners" for ::1 at 2023-05-08 22:12:04 -0700
Processing by OwnersController#create as */*
  [1m[36mTRANSACTION (1.3ms)[0m  [1m[36mbegin transaction[0m
  ↳ app/controllers/owners_controller.rb:11:in `create'
  [1m[36mOwner Create (3.5ms)[0m  [1m[32mINSERT INTO "owners" ("name", "email", "created_at", "updated_at") VALUES (?, ?, ?, ?)[0m  [["name", nil], ["email", nil], ["created_at", "2023-05-09 05:15:41.670302"], ["updated_at", "2023-05-09 05:15:41.670302"]]
  ↳ app/controllers/owners_controller.rb:11:in `create'
  [1m[36mTRANSACTION (3.4ms)[0m  [1m[36mcommit transaction[0m
  ↳ app/controllers/owners_controller.rb:11:in `create'
Completed 201 Created in 216674ms (Views: 5.4ms | ActiveRecord: 9.3ms | Allocations: 135195)


Started POST "/owners" for ::1 at 2023-05-08 22:15:41 -0700
Processing by OwnersController#create as */*
  [1m[36mTRANSACTION (0.1ms)[0m  [1m[36mbegin transaction[0m
  ↳ app/controllers/owners_controller.rb:11:in `create'
  [1m[36mOwner Create (1.5ms)[0m  [1m[32mINSERT INTO "owners" ("name", "email", "created_at", "updated_at") VALUES (?, ?, ?, ?)[0m  [["name", nil], ["email", nil], ["created_at", "2023-05-09 05:16:46.425077"], ["updated_at", "2023-05-09 05:16:46.425077"]]
  ↳ app/controllers/owners_controller.rb:11:in `create'
  [1m[36mTRANSACTION (4.9ms)[0m  [1m[36mcommit transaction[0m
  ↳ app/controllers/owners_controller.rb:11:in `create'
Completed 201 Created in 64402ms (Views: 0.4ms | ActiveRecord: 7.7ms | Allocations: 131389)


Started POST "/owners" for ::1 at 2023-05-08 22:16:46 -0700
Processing by OwnersController#create as */*
  Parameters: {"pet_tracker"=>{"name"=>"Jill Smith", "email"=>"jillsmith@example.com"}, "owner"=>{}}
[31mUnpermitted parameters: :pet_tracker, :owner. Context: { controller: OwnersController, action: create, request: #<ActionDispatch::Request:0x00000001086299c8>, params: {"pet_tracker"=>{"name"=>"Jill Smith", "email"=>"jillsmith@example.com"}, "controller"=>"owners", "action"=>"create", "owner"=>{}} }[0m
[31mUnpermitted parameters: :pet_tracker, :owner. Context: { controller: OwnersController, action: create, request: #<ActionDispatch::Request:0x00000001086299c8>, params: {"pet_tracker"=>{"name"=>"Jill Smith", "email"=>"jillsmith@example.com"}, "controller"=>"owners", "action"=>"create", "owner"=>{}} }[0m
  [1m[36mTRANSACTION (0.1ms)[0m  [1m[36mbegin transaction[0m
  ↳ app/controllers/owners_controller.rb:11:in `create'
  [1m[36mOwner Create (0.9ms)[0m  [1m[32mINSERT INTO "owners" ("name", "email", "created_at", "updated_at") VALUES (?, ?, ?, ?)[0m  [["name", nil], ["email", nil], ["created_at", "2023-05-09 05:19:43.542812"], ["updated_at", "2023-05-09 05:19:43.542812"]]
  ↳ app/controllers/owners_controller.rb:11:in `create'
  [1m[36mTRANSACTION (2.5ms)[0m  [1m[36mcommit transaction[0m
  ↳ app/controllers/owners_controller.rb:11:in `create'
Completed 201 Created in 177087ms (Views: 0.4ms | ActiveRecord: 3.5ms | Allocations: 149152)


Started POST "/owners" for ::1 at 2023-05-08 22:20:03 -0700
Processing by OwnersController#create as */*
  Parameters: {"owner"=>{"name"=>"Jill Smith", "email"=>"jillsmith@example.com"}}
  [1m[36mTRANSACTION (0.1ms)[0m  [1m[36mbegin transaction[0m
  ↳ app/controllers/owners_controller.rb:11:in `create'
  [1m[36mOwner Create (2.7ms)[0m  [1m[32mINSERT INTO "owners" ("name", "email", "created_at", "updated_at") VALUES (?, ?, ?, ?)[0m  [["name", "Jill Smith"], ["email", "jillsmith@example.com"], ["created_at", "2023-05-09 05:20:45.901857"], ["updated_at", "2023-05-09 05:20:45.901857"]]
  ↳ app/controllers/owners_controller.rb:11:in `create'
  [1m[36mTRANSACTION (2.0ms)[0m  [1m[36mcommit transaction[0m
  ↳ app/controllers/owners_controller.rb:11:in `create'
Completed 201 Created in 42284ms (Views: 1.2ms | ActiveRecord: 5.7ms | Allocations: 130384)


Started GET "/owners" for 127.0.0.1 at 2023-05-09 14:10:44 -0700
  [1m[36mActiveRecord::SchemaMigration Pluck (0.5ms)[0m  [1m[34mSELECT "schema_migrations"."version" FROM "schema_migrations" ORDER BY "schema_migrations"."version" ASC[0m
Processing by OwnersController#index as HTML
  [1m[36mOwner Load (1.0ms)[0m  [1m[34mSELECT "owners".* FROM "owners"[0m
  ↳ app/controllers/owners_controller.rb:4:in `index'
Completed 200 OK in 22ms (Views: 9.4ms | ActiveRecord: 1.5ms | Allocations: 9371)


Started POST "/owners" for ::1 at 2023-05-09 16:52:12 -0700
  [1m[36mActiveRecord::SchemaMigration Pluck (0.6ms)[0m  [1m[34mSELECT "schema_migrations"."version" FROM "schema_migrations" ORDER BY "schema_migrations"."version" ASC[0m
Processing by OwnersController#create as */*
  Parameters: {"pet"=>{"name"=>"Nellie", "species"=>"Dog", "breed"=>"Jack Russell Terrier", "age"=>4, "owner_id"=>1}, "owner"=>{}}
Completed 400 Bad Request in 1ms (ActiveRecord: 0.0ms | Allocations: 210)


  
ActionController::ParameterMissing (param is missing or the value is empty: owner):
  
app/controllers/owners_controller.rb:61:in `owner_params'
app/controllers/owners_controller.rb:8:in `create'
Started POST "/owners" for ::1 at 2023-05-09 16:57:28 -0700
Processing by OwnersController#create as */*
  Parameters: {"pet"=>{"name"=>"Nellie", "species"=>"Dog", "breed"=>"Jack Russell Terrier", "age"=>4, "owner"=>1}, "owner"=>{}}
Completed 400 Bad Request in 1ms (ActiveRecord: 0.0ms | Allocations: 114)


  
ActionController::ParameterMissing (param is missing or the value is empty: owner):
  
app/controllers/owners_controller.rb:61:in `owner_params'
app/controllers/owners_controller.rb:8:in `create'
Started POST "/pets" for ::1 at 2023-05-09 16:58:22 -0700
Processing by PetsController#create as */*
  Parameters: {"pet"=>{"name"=>"Nellie", "species"=>"Dog", "breed"=>"Jack Russell Terrier", "age"=>4, "owner_id"=>1}}
  [1m[36mTRANSACTION (0.1ms)[0m  [1m[36mbegin transaction[0m
  ↳ app/controllers/pets_controller.rb:10:in `create'
  [1m[36mOwner Load (4.3ms)[0m  [1m[34mSELECT "owners".* FROM "owners" WHERE "owners"."id" = ? LIMIT ?[0m  [["id", 1], ["LIMIT", 1]]
  ↳ app/controllers/pets_controller.rb:10:in `create'
  [1m[36mPet Create (4.1ms)[0m  [1m[32mINSERT INTO "pets" ("name", "species", "breed", "age", "owner_id", "created_at", "updated_at") VALUES (?, ?, ?, ?, ?, ?, ?)[0m  [["name", "Nellie"], ["species", "Dog"], ["breed", "Jack Russell Terrier"], ["age", 4.0], ["owner_id", 1], ["created_at", "2023-05-09 23:58:22.116281"], ["updated_at", "2023-05-09 23:58:22.116281"]]
  ↳ app/controllers/pets_controller.rb:10:in `create'
  [1m[36mTRANSACTION (1.5ms)[0m  [1m[36mcommit transaction[0m
  ↳ app/controllers/pets_controller.rb:10:in `create'
Completed 201 Created in 65ms (Views: 1.4ms | ActiveRecord: 11.2ms | Allocations: 10778)


Started POST "/pets" for ::1 at 2023-05-09 17:04:11 -0700
Error occurred while parsing request parameters.
Contents:

{ "pet":
    {
        "name": "Spot",
        "species": Horse,
        "breed": "Cleidsdale",
        "age": 2,
        "owner_id": 2
    }
}
Processing by PetsController#create as */*
Completed 400 Bad Request in 1ms (Allocations: 132)


  
ActionDispatch::Http::Parameters::ParseError (Error occurred while parsing request parameters):
  
app/controllers/pets_controller.rb:50:in `pet_params'
app/controllers/pets_controller.rb:8:in `create'
Started POST "/pets" for ::1 at 2023-05-09 17:04:35 -0700
Error occurred while parsing request parameters.
Contents:

{ "pet":
    {
        "name": "Spot",
        "species": Horse,
        "breed": "Cleidsdale",
        "age": 2,
        "owner_id": 1
    }
}
Processing by PetsController#create as */*
Completed 400 Bad Request in 0ms (Allocations: 115)


  
ActionDispatch::Http::Parameters::ParseError (Error occurred while parsing request parameters):
  
app/controllers/pets_controller.rb:50:in `pet_params'
app/controllers/pets_controller.rb:8:in `create'
Started POST "/pets" for ::1 at 2023-05-09 17:05:25 -0700
Processing by PetsController#create as */*
  Parameters: {"pet"=>{"name"=>"Spot", "species"=>"Horse", "breed"=>"Cleidsdale", "age"=>2, "owner_id"=>2}}
  [1m[36mTRANSACTION (0.0ms)[0m  [1m[36mbegin transaction[0m
  ↳ app/controllers/pets_controller.rb:10:in `create'
  [1m[36mOwner Load (0.2ms)[0m  [1m[34mSELECT "owners".* FROM "owners" WHERE "owners"."id" = ? LIMIT ?[0m  [["id", 2], ["LIMIT", 1]]
  ↳ app/controllers/pets_controller.rb:10:in `create'
  [1m[36mPet Create (0.4ms)[0m  [1m[32mINSERT INTO "pets" ("name", "species", "breed", "age", "owner_id", "created_at", "updated_at") VALUES (?, ?, ?, ?, ?, ?, ?)[0m  [["name", "Spot"], ["species", "Horse"], ["breed", "Cleidsdale"], ["age", 2.0], ["owner_id", 2], ["created_at", "2023-05-10 00:05:25.557711"], ["updated_at", "2023-05-10 00:05:25.557711"]]
  ↳ app/controllers/pets_controller.rb:10:in `create'
  [1m[36mTRANSACTION (1.2ms)[0m  [1m[36mcommit transaction[0m
  ↳ app/controllers/pets_controller.rb:10:in `create'
Completed 201 Created in 9ms (Views: 0.3ms | ActiveRecord: 2.2ms | Allocations: 3167)


Started POST "/pets" for ::1 at 2023-05-09 17:10:31 -0700
Processing by PetsController#create as */*
  Parameters: {"pet"=>{"name"=>"Fritz", "species"=>"Dog", "breed"=>"German Shorthaired Pointer", "age"=>7, "owner_id"=>1}}
  [1m[36mTRANSACTION (0.1ms)[0m  [1m[36mbegin transaction[0m
  ↳ app/controllers/pets_controller.rb:10:in `create'
  [1m[36mOwner Load (0.1ms)[0m  [1m[34mSELECT "owners".* FROM "owners" WHERE "owners"."id" = ? LIMIT ?[0m  [["id", 1], ["LIMIT", 1]]
  ↳ app/controllers/pets_controller.rb:10:in `create'
  [1m[36mPet Create (0.4ms)[0m  [1m[32mINSERT INTO "pets" ("name", "species", "breed", "age", "owner_id", "created_at", "updated_at") VALUES (?, ?, ?, ?, ?, ?, ?)[0m  [["name", "Fritz"], ["species", "Dog"], ["breed", "German Shorthaired Pointer"], ["age", 7.0], ["owner_id", 1], ["created_at", "2023-05-10 00:10:31.561356"], ["updated_at", "2023-05-10 00:10:31.561356"]]
  ↳ app/controllers/pets_controller.rb:10:in `create'
  [1m[36mTRANSACTION (1.2ms)[0m  [1m[36mcommit transaction[0m
  ↳ app/controllers/pets_controller.rb:10:in `create'
Completed 201 Created in 11ms (Views: 0.3ms | ActiveRecord: 1.8ms | Allocations: 3020)


